==============================================================================
+ START SUITE: Test [ ]
==============================================================================
+- START TEST: Test [ ]
------------------------------------------------------------------------------
+-- START KW: mylib.Do Something [ ]
Log from test library (DEBUG)
Log from test library (WARN)
+-- END KW: mylib.Do Something (4)
~~~~~~~~~~~~~~~~~~~~~~~~~~~~~~~~~~~~~~~~~~~~~~~~~~~~~~~~~~~~~~~~~~~~~~~~~~~~~~
+-- START KW: BuiltIn.Log [ Log from test data (DEBUG) | DEBUG ]
Log from test data (DEBUG)
+-- END KW: BuiltIn.Log (1)
~~~~~~~~~~~~~~~~~~~~~~~~~~~~~~~~~~~~~~~~~~~~~~~~~~~~~~~~~~~~~~~~~~~~~~~~~~~~~~
+-- START KW: BuiltIn.Log [ Log from test data (WARN) | WARN ]
Log from test data (WARN)
+-- END KW: BuiltIn.Log (1)
------------------------------------------------------------------------------
+- END TEST: Test (14)
------------------------------------------------------------------------------
+ END SUITE: Test (77)
==============================================================================
